#-----------------------------------------------------------
# Vivado v2020.2 (64-bit)
# SW Build 3064766 on Wed Nov 18 09:12:45 MST 2020
# IP Build 3064653 on Wed Nov 18 14:17:31 MST 2020
# Start of session at: Thu Apr 10 14:39:00 2025
# Process ID: 5136
# Current directory: C:/Users/256737/Documents/projekt/pwm/pwm.sim/sim_1/behav/xsim
# Command line: vivado.exe -gui_launcher_event rodinguilauncherevent15248 C:\Users\256737\Documents\projekt\pwm\pwm.sim\sim_1\behav\xsim\tb_pwm_behav.wdb
# Log file: C:/Users/256737/Documents/projekt/pwm/pwm.sim/sim_1/behav/xsim/vivado.log
# Journal file: C:/Users/256737/Documents/projekt/pwm/pwm.sim/sim_1/behav/xsim\vivado.jou
#-----------------------------------------------------------
start_gui
open_wave_database {C:\Users\256737\Documents\projekt\pwm\pwm.sim\sim_1\behav\xsim\tb_pwm_behav.wdb}
INFO: [IP_Flow 19-234] Refreshing IP repositories
INFO: [IP_Flow 19-1704] No user IP repositories specified
INFO: [IP_Flow 19-2313] Loaded Vivado IP repository 'C:/appz/Xilinx/Vivado/2020.2/data/ip'.
close_sim
INFO: [Simtcl 6-16] Simulation closed
exit
INFO: [Common 17-206] Exiting Vivado at Thu Apr 10 14:39:22 2025...
